<?xml version="1.0" encoding="UTF-8"?>
<!-- Generated by org.testng.reporters.JUnitXMLReporter -->
<testsuite ignored="0" hostname="DESKTOP-4CBTSJA" failures="0" tests="5" name="Test" time="118.469" errors="0" timestamp="24 Jun 2024 05:57:39 GMT">
  <testcase classname="automation.tests.HomePageTestCases" name="homePageArrivalsImagesDescription" time="66.264"/>
  <testcase classname="automation.tests.HomePageTestCases" name="homePageImagesInArrivalsShouldNavigate" time="26.445"/>
  <testcase classname="automation.tests.HomePageTestCases" name="homePageWithArrivalsOnly" time="8.921"/>
  <testcase classname="automation.tests.HomePageTestCases" name="homePageWithThreeSlidersOnly" time="9.138"/>
  <testcase classname="automation.tests.SampleTest" name="landOnHomePage" time="7.051"/>
</testsuite> <!-- Test -->
