<?xml version="1.0" encoding="UTF-8"?>
<testng-results ignored="0" total="1" passed="1" failed="0" skipped="0">
  <reporter-output>
  </reporter-output>
  <suite started-at="2024-06-23T04:32:16Z" name="Default suite" finished-at="2024-06-23T04:33:09Z" duration-ms="52980">
    <groups>
    </groups>
    <test started-at="2024-06-23T04:32:16Z" name="Default test" finished-at="2024-06-23T04:33:09Z" duration-ms="52980">
      <class name="automation.tests.HomePageTestCases">
        <test-method signature="homePageArrivalsImagesDescription()[pri:0, instance:automation.tests.HomePageTestCases@3403e2ac]" started-at="2024-06-23T04:32:16Z" name="homePageArrivalsImagesDescription" finished-at="2024-06-23T04:33:09Z" duration-ms="52946" status="PASS">
          <reporter-output>
          </reporter-output>
        </test-method> <!-- homePageArrivalsImagesDescription -->
      </class> <!-- automation.tests.HomePageTestCases -->
    </test> <!-- Default test -->
  </suite> <!-- Default suite -->
</testng-results>
